2025-01-26 12:48:26,046 - INFO - NCBI datasets version: datasets version: 16.40.1
2025-01-26 12:48:26,046 - INFO - Querying genome data for taxon 10239
2025-01-26 12:48:26,046 - INFO - Running command: datasets summary genome taxon 10239 --assembly-level chromosome,complete --as-json-lines
2025-01-26 12:49:05,629 - INFO - NCBI datasets version: datasets version: 16.40.1
2025-01-26 12:49:05,629 - INFO - Querying genome data for taxon 2157
2025-01-26 12:49:05,629 - INFO - Running command: datasets summary genome taxon 2157 --assembly-level chromosome,complete --as-json-lines
2025-01-26 12:49:07,601 - INFO - Retrieved 1520 genome entries
2025-01-26 12:49:07,606 - INFO - Removed 1519 duplicate entries
2025-01-26 12:49:07,607 - INFO - 
Data Summary:
2025-01-26 12:49:07,607 - INFO - Total entries: 1
2025-01-26 12:49:07,607 - INFO - 
Assembly levels:
2025-01-26 12:49:07,607 - INFO - Series([], )
2025-01-26 12:49:07,607 - INFO - 
Top organisms by count:
2025-01-26 12:49:07,607 - INFO - Series([], )
2025-01-26 12:49:26,360 - INFO - NCBI datasets version: datasets version: 16.40.1
2025-01-26 12:49:26,360 - INFO - Querying genome data for taxon 2157
2025-01-26 12:49:26,360 - INFO - Running command: datasets summary genome taxon 2157 --assembly-level chromosome,complete --as-json-lines
2025-01-26 16:47:43,757 - INFO - NCBI datasets version: datasets version: 16.40.1
2025-01-26 16:47:43,757 - INFO - Querying genome data for taxon 2157
2025-01-26 16:47:43,757 - INFO - Running command: datasets summary genome taxon 2157 --assembly-level chromosome,complete --as-json-lines
2025-01-26 16:47:45,500 - INFO - Retrieved 1520 genome entries
2025-01-26 16:48:05,633 - INFO - NCBI datasets version: datasets version: 16.40.1
2025-01-26 16:48:05,633 - INFO - Querying genome data for taxon 2157
2025-01-26 16:48:05,633 - INFO - Running command: datasets summary genome taxon 2157 --assembly-level chromosome,complete --as-json-lines
2025-01-26 16:48:07,385 - INFO - Retrieved 1520 genome entries
2025-01-26 16:48:07,390 - INFO - Removed 848 duplicate entries
2025-01-26 16:48:07,393 - INFO - 
Data Summary:
2025-01-26 16:48:07,393 - INFO - Total entries: 672
2025-01-26 16:48:07,393 - INFO - 
Assembly levels:
2025-01-26 16:48:25,777 - INFO - NCBI datasets version: datasets version: 16.40.1
2025-01-26 16:48:25,777 - INFO - Querying genome data for taxon 2157
2025-01-26 16:48:25,777 - INFO - Running command: datasets summary genome taxon 2157 --assembly-level chromosome,complete --as-json-lines
2025-01-26 16:48:27,569 - INFO - Retrieved 1520 genome entries
2025-01-26 16:48:27,573 - INFO - Removed 848 duplicate entries
2025-01-26 16:49:37,596 - INFO - NCBI datasets version: datasets version: 16.40.1
2025-01-26 16:49:37,596 - INFO - Querying genome data for taxon 2157
2025-01-26 16:49:37,596 - INFO - Running command: datasets summary genome taxon 2157 --assembly-level chromosome,complete --as-json-lines
2025-01-26 16:49:39,349 - INFO - Retrieved 1520 genome entries
2025-01-26 16:49:39,353 - INFO - Removed 848 duplicate entries
2025-01-26 16:59:39,887 - INFO - NCBI datasets version: datasets version: 16.40.1
2025-01-26 16:59:48,495 - INFO - NCBI datasets version: datasets version: 16.40.1
2025-01-26 16:59:48,495 - INFO - Querying genome data for all taxons
2025-01-26 16:59:48,495 - INFO - Running command: datasets summary genome taxon 2 --assembly-level chromosome,complete --as-json-lines
2025-01-26 17:01:19,520 - INFO - Retrieved 125425 genome entries
2025-01-26 17:01:19,792 - INFO - Removed 106808 duplicate entries
2025-01-26 17:01:20,150 - INFO - Running command: datasets summary genome taxon 2157 --assembly-level chromosome,complete --as-json-lines
2025-01-26 17:01:21,827 - INFO - Retrieved 1520 genome entries
2025-01-26 17:01:21,830 - INFO - Removed 848 duplicate entries
2025-01-26 17:01:21,836 - INFO - Running command: datasets summary genome taxon 9606 --assembly-level chromosome,complete --as-json-lines
2025-01-26 17:01:23,001 - INFO - Retrieved 675 genome entries
2025-01-26 17:01:23,003 - INFO - Removed 674 duplicate entries
2025-01-26 17:01:23,005 - INFO - Running command: datasets summary genome taxon 33090 --assembly-level chromosome,complete --as-json-lines
2025-01-26 17:01:25,442 - INFO - Retrieved 2791 genome entries
2025-01-26 17:01:25,446 - INFO - Removed 1556 duplicate entries
2025-01-26 17:01:25,454 - INFO - Running command: datasets summary genome taxon 4751 --assembly-level chromosome,complete --as-json-lines
2025-01-26 17:01:27,198 - INFO - Retrieved 1875 genome entries
2025-01-26 17:01:27,201 - INFO - Removed 1234 duplicate entries
2025-01-26 17:01:27,205 - INFO - Running command: datasets summary genome taxon 10239 --assembly-level chromosome,complete --as-json-lines
2025-01-26 17:03:02,873 - INFO - Retrieved 220648 genome entries
2025-01-26 17:03:03,194 - INFO - Removed 134428 duplicate entries
2025-01-26 17:08:56,302 - INFO - Generating cumulative analysis for output/2025_01_26
2025-01-26 17:08:56,391 - INFO - Saved cumulative analysis to output/2025_01_26/results.csv
2025-01-26 17:10:57,453 - INFO - NCBI datasets version: datasets version: 16.40.1
2025-01-26 17:10:57,453 - INFO - Querying genome data for taxon 9606
2025-01-26 17:11:23,682 - INFO - NCBI datasets version: datasets version: 16.40.1
2025-01-26 17:11:23,682 - INFO - Querying genome data for taxon 9606
2025-01-26 17:11:23,682 - INFO - Running command: datasets summary genome taxon 9606 --assembly-level chromosome,complete --as-json-lines
2025-01-26 17:11:24,806 - INFO - Retrieved 675 genome entries
2025-01-26 17:11:24,808 - INFO - Removed 674 duplicate entries
2025-01-26 17:11:24,811 - INFO - Generating cumulative analysis for output/2025_01_26
2025-01-26 17:11:24,898 - INFO - Saved cumulative analysis to output/2025_01_26/results.csv
2025-01-26 17:16:35,474 - INFO - NCBI datasets version: datasets version: 16.40.1
2025-01-26 17:16:35,474 - INFO - Querying genome data for all taxons
2025-01-26 17:16:35,474 - INFO - Running command: datasets summary genome taxon 2 --assembly-level chromosome,complete --as-json-lines
2025-01-26 17:18:03,663 - INFO - Retrieved 125425 genome entries
2025-01-26 17:18:03,947 - INFO - Removed 106808 duplicate entries
2025-01-26 17:18:04,307 - INFO - Running command: datasets summary genome taxon 2157 --assembly-level chromosome,complete --as-json-lines
2025-01-26 17:18:06,024 - INFO - Retrieved 1520 genome entries
2025-01-26 17:18:06,027 - INFO - Removed 848 duplicate entries
2025-01-26 17:18:06,032 - INFO - Running command: datasets summary genome taxon 33208 --assembly-level chromosome,complete --as-json-lines
2025-01-26 17:18:11,363 - INFO - Retrieved 6298 genome entries
2025-01-26 17:18:11,374 - INFO - Removed 2637 duplicate entries
2025-01-26 17:18:11,397 - INFO - Running command: datasets summary genome taxon 33090 --assembly-level chromosome,complete --as-json-lines
2025-01-26 17:18:13,737 - INFO - Retrieved 2791 genome entries
2025-01-26 17:18:13,742 - INFO - Removed 1556 duplicate entries
2025-01-26 17:18:13,749 - INFO - Running command: datasets summary genome taxon 4751 --assembly-level chromosome,complete --as-json-lines
2025-01-26 17:18:15,470 - INFO - Retrieved 1875 genome entries
2025-01-26 17:18:15,473 - INFO - Removed 1234 duplicate entries
2025-01-26 17:18:15,478 - INFO - Running command: datasets summary genome taxon 10239 --assembly-level chromosome,complete --as-json-lines
2025-01-26 17:19:45,252 - INFO - Retrieved 220648 genome entries
2025-01-26 17:19:45,572 - INFO - Removed 134428 duplicate entries
2025-01-26 17:19:45,919 - INFO - Generating cumulative analysis for output/2025_01_26
2025-01-26 17:19:46,006 - INFO - Saved cumulative analysis to output/2025_01_26/results.csv
